<?xml version="1.0" encoding="UTF-8"?>
<!-- Generated by org.testng.reporters.JUnitReportReporter -->
<testsuite hostname="SwedhaKabish" failures="0" tests="3" name="restAssured.DynamicJson" time="3.895" errors="0" timestamp="2025-07-28T07:28:21 IST" skipped="0">
  <testcase classname="restAssured.DynamicJson" name="addbook" time="0.242"/>
  <testcase classname="restAssured.DynamicJson" name="addbook" time="0.206"/>
  <testcase classname="restAssured.DynamicJson" name="addbook" time="3.447"/>
</testsuite> <!-- restAssured.DynamicJson -->
